This file contains any messages produced by compilers while
running configure, to aid debugging if configure makes a mistake.

It was created by configure, which was
generated by GNU Autoconf 2.69.  Invocation command line was

  $ /home/builder/.termux-build/gcc-libs-glibc/src/configure --host=aarch64-linux-gnu --build=aarch64-linux-gnu --target=aarch64-linux-gnu --prefix=/data/data/com.gebox.emu/files/usr/glibc --libdir=/data/data/com.gebox.emu/files/usr/glibc/lib --libexecdir=/data/data/com.gebox.emu/files/usr/glibc/lib --mandir=/data/data/com.gebox.emu/files/usr/glibc/share/man --infodir=/data/data/com.gebox.emu/files/usr/glibc/share/info --with-bugurl=https://github.com/termux-pacman/glibc-packages/issues --with-gmp=/data/data/com.gebox.emu/files/usr/glibc --with-mpfr=/data/data/com.gebox.emu/files/usr/glibc --with-mpc=/data/data/com.gebox.emu/files/usr/glibc --with-arch=armv8-a --enable-fix-cortex-a53-835769 --enable-fix-cortex-a53-843419 --disable-multilib --disable-bootstrap --disable-nls --enable-default-pie --enable-languages=c,c++,fortran --with-system-zlib --enable-__cxa_atexit --enable-linker-build-id --enable-plugin --with-linker-hash-style=gnu --enable-gnu-indirect-function --disable-werror --disable-checking --disable-static --enable-host-shared --disable-libssp --disable-libstdcxx-pch LD_FOR_TARGET=/data/data/com.gebox.emu/files/usr/glibc/bin/ld

## --------- ##
## Platform. ##
## --------- ##

hostname = 068c70f881d8
uname -m = x86_64
uname -r = 5.15.153.1-microsoft-standard-WSL2
uname -s = Linux
uname -v = #1 SMP Fri Mar 29 23:14:13 UTC 2024

/usr/bin/uname -p = x86_64
/bin/uname -X     = unknown

/bin/arch              = x86_64
/usr/bin/arch -k       = unknown
/usr/convex/getsysinfo = unknown
/usr/bin/hostinfo      = unknown
/bin/machine           = unknown
/usr/bin/oslevel       = unknown
/bin/universe          = unknown

PATH: /data/data/com.termux/cgct/aarch64/bin
PATH: /usr/local/sbin
PATH: /usr/local/bin
PATH: /usr/sbin
PATH: /usr/bin
PATH: /sbin
PATH: /bin
PATH: /data/data/com.gebox.emu/files/usr/glibc/bin


## ----------- ##
## Core tests. ##
## ----------- ##

configure:2401: checking build system type
configure:2415: result: aarch64-unknown-linux-gnu
configure:2462: checking host system type
configure:2475: result: aarch64-unknown-linux-gnu
configure:2495: checking target system type
configure:2508: result: aarch64-unknown-linux-gnu
configure:2562: checking for a BSD-compatible install
configure:2630: result: /usr/bin/install -c
configure:2641: checking whether ln works
configure:2663: result: yes
configure:2667: checking whether ln -s works
configure:2671: result: yes
configure:2678: checking for a sed that does not truncate output
configure:2742: result: /usr/bin/sed
configure:2751: checking for gawk
configure:2767: found /usr/bin/gawk
configure:2778: result: gawk
configure:3305: checking for libatomic support
configure:3315: result: yes
configure:3324: checking for libitm support
configure:3334: result: yes
configure:3343: checking for libsanitizer support
configure:3353: result: yes
configure:3362: checking for libvtv support
configure:3372: result: yes
configure:3492: checking for libphobos support
configure:3502: result: yes
configure:4171: checking for aarch64-linux-gnu-gcc
configure:4198: result: aarch64-linux-gnu-gcc
configure:4467: checking for C compiler version
configure:4476: aarch64-linux-gnu-gcc --version >&5
aarch64-linux-gnu-gcc (GCC) 14.1.0
Copyright (C) 2024 Free Software Foundation, Inc.
This is free software; see the source for copying conditions.  There is NO
warranty; not even for MERCHANTABILITY or FITNESS FOR A PARTICULAR PURPOSE.

configure:4487: $? = 0
configure:4476: aarch64-linux-gnu-gcc -v >&5
Using built-in specs.
COLLECT_GCC=aarch64-linux-gnu-gcc
COLLECT_LTO_WRAPPER=/data/data/com.termux/cgct/aarch64/lib/gcc/aarch64-linux-gnu/14.1.0/lto-wrapper
Target: aarch64-linux-gnu
Configured with: /home/user-build/cgct/cgt/src/gcc-14.1.0/configure --host=cgct --build=x86_64-pc-linux-gnu --target=aarch64-linux-gnu --prefix=/data/data/com.termux/cgct/aarch64 --with-local-prefix=/data/data/com.termux/cgct/aarch64 --libdir=/data/data/com.termux/cgct/aarch64/lib --libexecdir=/data/data/com.termux/cgct/aarch64/lib --includedir=/data/data/com.termux/files/usr/glibc/include --with-bugurl=https://github.com/termux-pacman/glibc-packages/issues --with-arch=armv8-a --enable-fix-cortex-a53-835769 --enable-fix-cortex-a53-843419 --enable-languages=c,c++ --enable-checking=release --enable-threads=posix --enable-lto --disable-multilib --disable-bootstrap --disable-nls --enable-clocale=gnu --enable-default-pie --enable-default-ssp --with-system-zlib --enable-__cxa_atexit --enable-linker-build-id --enable-plugin --with-linker-hash-style=gnu --enable-gnu-indirect-function --enable-gnu-unique-object --enable-shared --disable-werror --disable-libssp --disable-libstdcxx-pch --disable-libunwind-exceptions 'CFLAGS_FOR_TARGET=-I/data/data/com.termux/files/usr/glibc/include -L/data/data/com.termux/files/usr/glibc/lib -Wl,-rpath=/data/data/com.termux/files/usr/glibc/lib -O2 -pipe -fno-plt -fexceptions -Wp,-D_FORTIFY_SOURCE=2 -Wformat -fstack-clash-protection' 'CXXFLAGS_FOR_TARGET=-I/data/data/com.termux/files/usr/glibc/include -L/data/data/com.termux/files/usr/glibc/lib -Wl,-rpath=/data/data/com.termux/files/usr/glibc/lib -O2 -pipe -fno-plt -fexceptions -Wp,-D_FORTIFY_SOURCE=2 -Wformat -fstack-clash-protection -Wp,-D_GLIBCXX_ASSERTIONS' LD_FOR_TARGET=/data/data/com.termux/cgct/aarch64/bin/ld AS_FOR_TARGET=/data/data/com.termux/cgct/aarch64/bin/as AR_FOR_TARGET=/data/data/com.termux/cgct/aarch64/bin/ar RANLIB_FOR_TARGET=/data/data/com.termux/cgct/aarch64/bin/ranlib NM_FOR_TARGET=/data/data/com.termux/cgct/aarch64/bin/nm OBJCOPY_FOR_TARGET=/data/data/com.termux/cgct/aarch64/bin/objcopy OBJDUMP_FOR_TARGET=/data/data/com.termux/cgct/aarch64/bin/objdump CC=x86_64-linux-gnu-gcc CXX=x86_64-linux-gnu-g++ AR=ar LD=ld OBJCOPY=objcopy OBJDUMP=objdump
Thread model: posix
Supported LTO compression algorithms: zlib zstd
gcc version 14.1.0 (GCC) 
configure:4487: $? = 0
configure:4476: aarch64-linux-gnu-gcc -V >&5
aarch64-linux-gnu-gcc: error: unrecognized command-line option '-V'
aarch64-linux-gnu-gcc: fatal error: no input files
compilation terminated.
configure:4487: $? = 1
configure:4476: aarch64-linux-gnu-gcc -qversion >&5
aarch64-linux-gnu-gcc: error: unrecognized command-line option '-qversion'; did you mean '--version'?
aarch64-linux-gnu-gcc: fatal error: no input files
compilation terminated.
configure:4487: $? = 1
configure:4507: checking whether the C compiler works
configure:4529: aarch64-linux-gnu-gcc -O2 -pipe -fno-plt -fexceptions -Wp,-D_FORTIFY_SOURCE=2 -Wformat  -fstack-clash-protection -march=armv8-a -fstack-protector-strong -I/data/data/com.gebox.emu/files/usr/glibc/include -L/data/data/com.gebox.emu/files/usr/glibc/lib   conftest.c  >&5
configure:4533: $? = 0
configure:4581: result: yes
configure:4584: checking for C compiler default output file name
configure:4586: result: a.out
configure:4592: checking for suffix of executables
configure:4599: aarch64-linux-gnu-gcc -o conftest -O2 -pipe -fno-plt -fexceptions -Wp,-D_FORTIFY_SOURCE=2 -Wformat  -fstack-clash-protection -march=armv8-a -fstack-protector-strong -I/data/data/com.gebox.emu/files/usr/glibc/include -L/data/data/com.gebox.emu/files/usr/glibc/lib   conftest.c  >&5
configure:4603: $? = 0
configure:4625: result: 
configure:4647: checking whether we are cross compiling
configure:4655: aarch64-linux-gnu-gcc -o conftest -O2 -pipe -fno-plt -fexceptions -Wp,-D_FORTIFY_SOURCE=2 -Wformat  -fstack-clash-protection -march=armv8-a -fstack-protector-strong -I/data/data/com.gebox.emu/files/usr/glibc/include -L/data/data/com.gebox.emu/files/usr/glibc/lib   conftest.c  >&5
configure:4659: $? = 0
configure:4666: ./conftest
configure:4670: $? = 0
configure:4685: result: no
configure:4690: checking for suffix of object files
configure:4712: aarch64-linux-gnu-gcc -c -O2 -pipe -fno-plt -fexceptions -Wp,-D_FORTIFY_SOURCE=2 -Wformat  -fstack-clash-protection -march=armv8-a -fstack-protector-strong -I/data/data/com.gebox.emu/files/usr/glibc/include -L/data/data/com.gebox.emu/files/usr/glibc/lib  conftest.c >&5
configure:4716: $? = 0
configure:4737: result: o
configure:4741: checking whether we are using the GNU C compiler
configure:4760: aarch64-linux-gnu-gcc -c -O2 -pipe -fno-plt -fexceptions -Wp,-D_FORTIFY_SOURCE=2 -Wformat  -fstack-clash-protection -march=armv8-a -fstack-protector-strong -I/data/data/com.gebox.emu/files/usr/glibc/include -L/data/data/com.gebox.emu/files/usr/glibc/lib  conftest.c >&5
configure:4760: $? = 0
configure:4769: result: yes
configure:4778: checking whether aarch64-linux-gnu-gcc accepts -g
configure:4798: aarch64-linux-gnu-gcc -c -g  conftest.c >&5
configure:4798: $? = 0
configure:4839: result: yes
configure:4856: checking for aarch64-linux-gnu-gcc option to accept ISO C89
configure:4919: aarch64-linux-gnu-gcc  -c -O2 -pipe -fno-plt -fexceptions -Wp,-D_FORTIFY_SOURCE=2 -Wformat  -fstack-clash-protection -march=armv8-a -fstack-protector-strong -I/data/data/com.gebox.emu/files/usr/glibc/include -L/data/data/com.gebox.emu/files/usr/glibc/lib  conftest.c >&5
configure:4919: $? = 0
configure:4932: result: none needed
configure:4952: checking for aarch64-linux-gnu-gcc option to accept ISO C99
configure:5101: aarch64-linux-gnu-gcc  -c -O2 -pipe -fno-plt -fexceptions -Wp,-D_FORTIFY_SOURCE=2 -Wformat  -fstack-clash-protection -march=armv8-a -fstack-protector-strong -I/data/data/com.gebox.emu/files/usr/glibc/include -L/data/data/com.gebox.emu/files/usr/glibc/lib  conftest.c >&5
configure:5101: $? = 0
configure:5114: result: none needed
configure:5241: checking for C++ compiler version
configure:5250: aarch64-linux-gnu-g++ --version >&5
aarch64-linux-gnu-g++ (GCC) 14.1.0
Copyright (C) 2024 Free Software Foundation, Inc.
This is free software; see the source for copying conditions.  There is NO
warranty; not even for MERCHANTABILITY or FITNESS FOR A PARTICULAR PURPOSE.

configure:5261: $? = 0
configure:5250: aarch64-linux-gnu-g++ -v >&5
Using built-in specs.
COLLECT_GCC=aarch64-linux-gnu-g++
COLLECT_LTO_WRAPPER=/data/data/com.termux/cgct/aarch64/lib/gcc/aarch64-linux-gnu/14.1.0/lto-wrapper
Target: aarch64-linux-gnu
Configured with: /home/user-build/cgct/cgt/src/gcc-14.1.0/configure --host=cgct --build=x86_64-pc-linux-gnu --target=aarch64-linux-gnu --prefix=/data/data/com.termux/cgct/aarch64 --with-local-prefix=/data/data/com.termux/cgct/aarch64 --libdir=/data/data/com.termux/cgct/aarch64/lib --libexecdir=/data/data/com.termux/cgct/aarch64/lib --includedir=/data/data/com.termux/files/usr/glibc/include --with-bugurl=https://github.com/termux-pacman/glibc-packages/issues --with-arch=armv8-a --enable-fix-cortex-a53-835769 --enable-fix-cortex-a53-843419 --enable-languages=c,c++ --enable-checking=release --enable-threads=posix --enable-lto --disable-multilib --disable-bootstrap --disable-nls --enable-clocale=gnu --enable-default-pie --enable-default-ssp --with-system-zlib --enable-__cxa_atexit --enable-linker-build-id --enable-plugin --with-linker-hash-style=gnu --enable-gnu-indirect-function --enable-gnu-unique-object --enable-shared --disable-werror --disable-libssp --disable-libstdcxx-pch --disable-libunwind-exceptions 'CFLAGS_FOR_TARGET=-I/data/data/com.termux/files/usr/glibc/include -L/data/data/com.termux/files/usr/glibc/lib -Wl,-rpath=/data/data/com.termux/files/usr/glibc/lib -O2 -pipe -fno-plt -fexceptions -Wp,-D_FORTIFY_SOURCE=2 -Wformat -fstack-clash-protection' 'CXXFLAGS_FOR_TARGET=-I/data/data/com.termux/files/usr/glibc/include -L/data/data/com.termux/files/usr/glibc/lib -Wl,-rpath=/data/data/com.termux/files/usr/glibc/lib -O2 -pipe -fno-plt -fexceptions -Wp,-D_FORTIFY_SOURCE=2 -Wformat -fstack-clash-protection -Wp,-D_GLIBCXX_ASSERTIONS' LD_FOR_TARGET=/data/data/com.termux/cgct/aarch64/bin/ld AS_FOR_TARGET=/data/data/com.termux/cgct/aarch64/bin/as AR_FOR_TARGET=/data/data/com.termux/cgct/aarch64/bin/ar RANLIB_FOR_TARGET=/data/data/com.termux/cgct/aarch64/bin/ranlib NM_FOR_TARGET=/data/data/com.termux/cgct/aarch64/bin/nm OBJCOPY_FOR_TARGET=/data/data/com.termux/cgct/aarch64/bin/objcopy OBJDUMP_FOR_TARGET=/data/data/com.termux/cgct/aarch64/bin/objdump CC=x86_64-linux-gnu-gcc CXX=x86_64-linux-gnu-g++ AR=ar LD=ld OBJCOPY=objcopy OBJDUMP=objdump
Thread model: posix
Supported LTO compression algorithms: zlib zstd
gcc version 14.1.0 (GCC) 
configure:5261: $? = 0
configure:5250: aarch64-linux-gnu-g++ -V >&5
aarch64-linux-gnu-g++: error: unrecognized command-line option '-V'
aarch64-linux-gnu-g++: fatal error: no input files
compilation terminated.
configure:5261: $? = 1
configure:5250: aarch64-linux-gnu-g++ -qversion >&5
aarch64-linux-gnu-g++: error: unrecognized command-line option '-qversion'; did you mean '--version'?
aarch64-linux-gnu-g++: fatal error: no input files
compilation terminated.
configure:5261: $? = 1
configure:5265: checking whether we are using the GNU C++ compiler
configure:5284: aarch64-linux-gnu-g++ -c -O2 -pipe -fno-plt -fexceptions -Wp,-D_FORTIFY_SOURCE=2 -Wformat  -fstack-clash-protection -march=armv8-a -fstack-protector-strong -Wp,-D_GLIBCXX_ASSERTIONS -I/data/data/com.gebox.emu/files/usr/glibc/include -L/data/data/com.gebox.emu/files/usr/glibc/lib  conftest.cpp >&5
configure:5284: $? = 0
configure:5293: result: yes
configure:5302: checking whether aarch64-linux-gnu-g++ accepts -g
configure:5322: aarch64-linux-gnu-g++ -c -g  conftest.cpp >&5
configure:5322: $? = 0
configure:5363: result: yes
configure:5412: checking whether g++ accepts -static-libstdc++ -static-libgcc
configure:5429: aarch64-linux-gnu-g++ -o conftest -O2 -pipe -fno-plt -fexceptions -Wp,-D_FORTIFY_SOURCE=2 -Wformat  -fstack-clash-protection -march=armv8-a -fstack-protector-strong -Wp,-D_GLIBCXX_ASSERTIONS -I/data/data/com.gebox.emu/files/usr/glibc/include -L/data/data/com.gebox.emu/files/usr/glibc/lib   -static-libstdc++ -static-libgcc conftest.cpp  >&5
/data/data/com.termux/cgct/aarch64/bin/ld: cannot find -lstdc++: No such file or directory
collect2: error: ld returned 1 exit status
configure:5429: $? = 1
configure: failed program was:
| /* confdefs.h */
| #define PACKAGE_NAME ""
| #define PACKAGE_TARNAME ""
| #define PACKAGE_VERSION ""
| #define PACKAGE_STRING ""
| #define PACKAGE_BUGREPORT ""
| #define PACKAGE_URL ""
| /* end confdefs.h.  */
| 
| #if (__GNUC__ < 4) || (__GNUC__ == 4 && __GNUC_MINOR__ < 5)
| #error -static-libstdc++ not implemented
| #endif
| int main() {}
configure:5433: result: no
configure:5454: checking for aarch64-linux-gnu-gnatbind
configure:5484: result: no
configure:5494: checking for gnatbind
configure:5524: result: no
configure:5546: checking for aarch64-linux-gnu-gnatmake
configure:5576: result: no
configure:5586: checking for gnatmake
configure:5616: result: no
configure:5635: checking whether compiler driver understands Ada and is recent enough
configure:5662: result: no
configure:5676: checking for aarch64-linux-gnu-gdc
configure:5706: result: no
configure:5716: checking for gdc
configure:5746: result: no
configure:5765: checking whether the D compiler works
configure:5782: result: no
configure:5794: checking for cargo
configure:5824: result: no
configure:5838: checking how to compare bootstrapped objects
configure:5863: result: cmp --ignore-initial=16 $$f1 $$f2
configure:5930: checking whether aarch64-linux-gnu-g++ supports C++11 features by default
configure:6226: aarch64-linux-gnu-g++ -c -O2 -pipe -fno-plt -fexceptions -Wp,-D_FORTIFY_SOURCE=2 -Wformat  -fstack-clash-protection -march=armv8-a -fstack-protector-strong -Wp,-D_GLIBCXX_ASSERTIONS -I/data/data/com.gebox.emu/files/usr/glibc/include -L/data/data/com.gebox.emu/files/usr/glibc/lib  conftest.cpp >&5
configure:6226: $? = 0
configure:6233: result: yes
configure:8007: checking for objdir
configure:8022: result: .libs
configure:8192: checking for the correct version of gmp.h
configure:8211: aarch64-linux-gnu-gcc -c -O2 -pipe -fno-plt -fexceptions -Wp,-D_FORTIFY_SOURCE=2 -Wformat  -fstack-clash-protection -march=armv8-a -fstack-protector-strong -I/data/data/com.gebox.emu/files/usr/glibc/include -L/data/data/com.gebox.emu/files/usr/glibc/lib -I/data/data/com.gebox.emu/files/usr/glibc/include -I/data/data/com.gebox.emu/files/usr/glibc/include -I/data/data/com.gebox.emu/files/usr/glibc/include   conftest.c >&5
configure:8211: $? = 0
configure:8229: aarch64-linux-gnu-gcc -c -O2 -pipe -fno-plt -fexceptions -Wp,-D_FORTIFY_SOURCE=2 -Wformat  -fstack-clash-protection -march=armv8-a -fstack-protector-strong -I/data/data/com.gebox.emu/files/usr/glibc/include -L/data/data/com.gebox.emu/files/usr/glibc/lib -I/data/data/com.gebox.emu/files/usr/glibc/include -I/data/data/com.gebox.emu/files/usr/glibc/include -I/data/data/com.gebox.emu/files/usr/glibc/include   conftest.c >&5
configure:8229: $? = 0
configure:8230: result: yes
configure:8246: checking for the correct version of mpfr.h
configure:8264: aarch64-linux-gnu-gcc -c -O2 -pipe -fno-plt -fexceptions -Wp,-D_FORTIFY_SOURCE=2 -Wformat  -fstack-clash-protection -march=armv8-a -fstack-protector-strong -I/data/data/com.gebox.emu/files/usr/glibc/include -L/data/data/com.gebox.emu/files/usr/glibc/lib -I/data/data/com.gebox.emu/files/usr/glibc/include -I/data/data/com.gebox.emu/files/usr/glibc/include -I/data/data/com.gebox.emu/files/usr/glibc/include   conftest.c >&5
configure:8264: $? = 0
configure:8281: aarch64-linux-gnu-gcc -c -O2 -pipe -fno-plt -fexceptions -Wp,-D_FORTIFY_SOURCE=2 -Wformat  -fstack-clash-protection -march=armv8-a -fstack-protector-strong -I/data/data/com.gebox.emu/files/usr/glibc/include -L/data/data/com.gebox.emu/files/usr/glibc/lib -I/data/data/com.gebox.emu/files/usr/glibc/include -I/data/data/com.gebox.emu/files/usr/glibc/include -I/data/data/com.gebox.emu/files/usr/glibc/include   conftest.c >&5
configure:8281: $? = 0
configure:8282: result: yes
configure:8299: checking for the correct version of mpc.h
configure:8316: aarch64-linux-gnu-gcc -c -O2 -pipe -fno-plt -fexceptions -Wp,-D_FORTIFY_SOURCE=2 -Wformat  -fstack-clash-protection -march=armv8-a -fstack-protector-strong -I/data/data/com.gebox.emu/files/usr/glibc/include -L/data/data/com.gebox.emu/files/usr/glibc/lib -I/data/data/com.gebox.emu/files/usr/glibc/include -I/data/data/com.gebox.emu/files/usr/glibc/include -I/data/data/com.gebox.emu/files/usr/glibc/include   conftest.c >&5
configure:8316: $? = 0
configure:8332: aarch64-linux-gnu-gcc -c -O2 -pipe -fno-plt -fexceptions -Wp,-D_FORTIFY_SOURCE=2 -Wformat  -fstack-clash-protection -march=armv8-a -fstack-protector-strong -I/data/data/com.gebox.emu/files/usr/glibc/include -L/data/data/com.gebox.emu/files/usr/glibc/lib -I/data/data/com.gebox.emu/files/usr/glibc/include -I/data/data/com.gebox.emu/files/usr/glibc/include -I/data/data/com.gebox.emu/files/usr/glibc/include   conftest.c >&5
configure:8332: $? = 0
configure:8333: result: yes
configure:8351: checking for the correct version of the gmp/mpfr libraries
configure:8375: aarch64-linux-gnu-gcc -o conftest -O2 -pipe -fno-plt -fexceptions -Wp,-D_FORTIFY_SOURCE=2 -Wformat  -fstack-clash-protection -march=armv8-a -fstack-protector-strong -I/data/data/com.gebox.emu/files/usr/glibc/include -L/data/data/com.gebox.emu/files/usr/glibc/lib -I/data/data/com.gebox.emu/files/usr/glibc/include -I/data/data/com.gebox.emu/files/usr/glibc/include -I/data/data/com.gebox.emu/files/usr/glibc/include    conftest.c  -L/data/data/com.gebox.emu/files/usr/glibc/lib -L/data/data/com.gebox.emu/files/usr/glibc/lib -L/data/data/com.gebox.emu/files/usr/glibc/lib -lmpc -lmpfr -lgmp >&5
configure:8375: $? = 0
configure:8376: result: yes
configure:8391: checking for the correct version of the mpc libraries
configure:8412: aarch64-linux-gnu-gcc -o conftest -O2 -pipe -fno-plt -fexceptions -Wp,-D_FORTIFY_SOURCE=2 -Wformat  -fstack-clash-protection -march=armv8-a -fstack-protector-strong -I/data/data/com.gebox.emu/files/usr/glibc/include -L/data/data/com.gebox.emu/files/usr/glibc/lib -I/data/data/com.gebox.emu/files/usr/glibc/include -I/data/data/com.gebox.emu/files/usr/glibc/include -I/data/data/com.gebox.emu/files/usr/glibc/include    conftest.c  -L/data/data/com.gebox.emu/files/usr/glibc/lib -L/data/data/com.gebox.emu/files/usr/glibc/lib -L/data/data/com.gebox.emu/files/usr/glibc/lib -lmpc -lmpfr -lgmp >&5
configure:8412: $? = 0
configure:8413: result: yes
configure:8638: checking for isl 0.15 or later
configure:8651: aarch64-linux-gnu-gcc -o conftest -O2 -pipe -fno-plt -fexceptions -Wp,-D_FORTIFY_SOURCE=2 -Wformat  -fstack-clash-protection -march=armv8-a -fstack-protector-strong -I/data/data/com.gebox.emu/files/usr/glibc/include -L/data/data/com.gebox.emu/files/usr/glibc/lib  -I/data/data/com.gebox.emu/files/usr/glibc/include -I/data/data/com.gebox.emu/files/usr/glibc/include -I/data/data/com.gebox.emu/files/usr/glibc/include     -lisl -L/data/data/com.gebox.emu/files/usr/glibc/lib -L/data/data/com.gebox.emu/files/usr/glibc/lib -L/data/data/com.gebox.emu/files/usr/glibc/lib -lmpc -lmpfr -lgmp conftest.c  -lisl -lgmp >&5
configure:8651: $? = 0
configure:8658: result: yes
configure:9927: checking for default BUILD_CONFIG
configure:9959: result: 
configure:9964: checking for --enable-vtable-verify
configure:9977: result: no
configure:10654: checking for bison
configure:10670: found /usr/bin/bison
configure:10681: result: bison -y
configure:10701: checking for bison
configure:10717: found /usr/bin/bison
configure:10728: result: bison
configure:10748: checking for gm4
configure:10778: result: no
configure:10748: checking for gnum4
configure:10778: result: no
configure:10748: checking for m4
configure:10764: found /usr/bin/m4
configure:10775: result: m4
configure:10795: checking for flex
configure:10811: found /usr/bin/flex
configure:10822: result: flex
configure:10843: checking for flex
configure:10859: found /usr/bin/flex
configure:10870: result: flex
configure:10890: checking for makeinfo
configure:10906: found /usr/bin/makeinfo
configure:10917: result: makeinfo
configure:10951: checking for expect
configure:10981: result: no
configure:11000: checking for runtest
configure:11030: result: no
configure:11064: checking for ar
configure:11091: result: aarch64-linux-gnu-gcc-ar
configure:11106: checking for aarch64-linux-gnu-ar
configure:11133: result: aarch64-linux-gnu-gcc-ar
configure:11205: checking for as
configure:11232: result: as
configure:11247: checking for aarch64-linux-gnu-as
configure:11274: result: as
configure:11388: checking for aarch64-linux-gnu-dlltool
configure:11418: result: no
configure:11427: checking for dlltool
configure:11457: result: no
configure:11529: checking for aarch64-linux-gnu-dsymutil
configure:11559: result: no
configure:11568: checking for dsymutil
configure:11598: result: no
configure:11628: checking for ld
configure:11655: result: ld
configure:11670: checking for aarch64-linux-gnu-ld
configure:11697: result: ld
configure:11811: checking for aarch64-linux-gnu-lipo
configure:11841: result: no
configure:11850: checking for lipo
configure:11880: result: no
configure:11910: checking for nm
configure:11937: result: aarch64-linux-gnu-gcc-nm
configure:11952: checking for aarch64-linux-gnu-nm
configure:11979: result: aarch64-linux-gnu-gcc-nm
configure:12051: checking for ranlib
configure:12078: result: aarch64-linux-gnu-gcc-ranlib
configure:12093: checking for aarch64-linux-gnu-ranlib
configure:12120: result: aarch64-linux-gnu-gcc-ranlib
configure:12187: checking for strip
configure:12214: result: strip
configure:12229: checking for aarch64-linux-gnu-strip
configure:12256: result: strip
configure:12365: checking for aarch64-linux-gnu-windres
configure:12395: result: no
configure:12404: checking for windres
configure:12434: result: no
configure:12506: checking for aarch64-linux-gnu-windmc
configure:12536: result: no
configure:12545: checking for windmc
configure:12575: result: no
configure:12605: checking for objcopy
configure:12632: result: objcopy
configure:12647: checking for aarch64-linux-gnu-objcopy
configure:12674: result: objcopy
configure:12746: checking for objdump
configure:12773: result: objdump
configure:12788: checking for aarch64-linux-gnu-objdump
configure:12815: result: objdump
configure:12929: checking for aarch64-linux-gnu-otool
configure:12959: result: no
configure:12968: checking for otool
configure:12998: result: no
configure:13028: checking for readelf
configure:13055: result: readelf
configure:13070: checking for aarch64-linux-gnu-readelf
configure:13097: result: readelf
configure:13166: checking for -plugin option
configure:13184: checking for aarch64-linux-gnu-ar
configure:13211: result: aarch64-linux-gnu-gcc-ar
configure:13286: result: --plugin /data/data/com.termux/cgct/aarch64/lib/gcc/aarch64-linux-gnu/14.1.0/liblto_plugin.so
configure:13394: checking for aarch64-linux-gnu-cc
configure:13424: result: no
configure:13433: checking for cc
configure:13449: found /data/data/com.termux/cgct/aarch64/bin/cc
configure:13460: result: cc
configure:13555: checking for aarch64-linux-gnu-c++
configure:13571: found /data/data/com.termux/cgct/aarch64/bin/aarch64-linux-gnu-c++
configure:13582: result: aarch64-linux-gnu-c++
configure:13716: checking for aarch64-linux-gnu-gcc
configure:13732: found /data/data/com.termux/cgct/aarch64/bin/aarch64-linux-gnu-gcc
configure:13743: result: aarch64-linux-gnu-gcc
configure:13872: checking for aarch64-linux-gnu-gfortran
configure:13902: result: no
configure:13911: checking for gfortran
configure:13941: result: no
configure:14033: checking for aarch64-linux-gnu-gccgo
configure:14063: result: no
configure:14072: checking for gccgo
configure:14102: result: no
configure:14194: checking for aarch64-linux-gnu-gdc
configure:14224: result: no
configure:14233: checking for gdc
configure:14263: result: no
configure:14355: checking for aarch64-linux-gnu-gm2
configure:14385: result: no
configure:14394: checking for gm2
configure:14424: result: no
configure:14485: checking for ar
configure:14518: result: no
configure:14596: checking for aarch64-linux-gnu-ar
configure:14612: found /data/data/com.termux/cgct/aarch64/bin/aarch64-linux-gnu-ar
configure:14623: result: aarch64-linux-gnu-ar
configure:14715: checking for as
configure:14748: result: no
configure:14826: checking for aarch64-linux-gnu-as
configure:14842: found /data/data/com.termux/cgct/aarch64/bin/aarch64-linux-gnu-as
configure:14853: result: aarch64-linux-gnu-as
configure:14945: checking for dlltool
configure:14978: result: no
configure:15056: checking for aarch64-linux-gnu-dlltool
configure:15086: result: no
configure:15095: checking for dlltool
configure:15125: result: no
configure:15175: checking for dsymutil
configure:15208: result: no
configure:15286: checking for aarch64-linux-gnu-dsymutil
configure:15316: result: no
configure:15325: checking for dsymutil
configure:15355: result: no
configure:15405: checking for ld
configure:15435: result: /data/data/com.gebox.emu/files/usr/glibc/bin/ld
configure:15635: checking for lipo
configure:15668: result: no
configure:15746: checking for aarch64-linux-gnu-lipo
configure:15776: result: no
configure:15785: checking for lipo
configure:15815: result: no
configure:15865: checking for nm
configure:15898: result: no
configure:15976: checking for aarch64-linux-gnu-nm
configure:15992: found /data/data/com.termux/cgct/aarch64/bin/aarch64-linux-gnu-nm
configure:16003: result: aarch64-linux-gnu-nm
configure:16095: checking for objcopy
configure:16128: result: no
configure:16206: checking for aarch64-linux-gnu-objcopy
configure:16222: found /data/data/com.termux/cgct/aarch64/bin/aarch64-linux-gnu-objcopy
configure:16233: result: aarch64-linux-gnu-objcopy
configure:16325: checking for objdump
configure:16358: result: no
configure:16436: checking for aarch64-linux-gnu-objdump
configure:16452: found /data/data/com.termux/cgct/aarch64/bin/aarch64-linux-gnu-objdump
configure:16463: result: aarch64-linux-gnu-objdump
configure:16555: checking for otool
configure:16588: result: no
configure:16666: checking for aarch64-linux-gnu-otool
configure:16696: result: no
configure:16705: checking for otool
configure:16735: result: no
configure:16785: checking for ranlib
configure:16818: result: no
configure:16896: checking for aarch64-linux-gnu-ranlib
configure:16912: found /data/data/com.termux/cgct/aarch64/bin/aarch64-linux-gnu-ranlib
configure:16923: result: aarch64-linux-gnu-ranlib
configure:17015: checking for readelf
configure:17048: result: no
configure:17126: checking for aarch64-linux-gnu-readelf
configure:17142: found /data/data/com.termux/cgct/aarch64/bin/aarch64-linux-gnu-readelf
configure:17153: result: aarch64-linux-gnu-readelf
configure:17245: checking for strip
configure:17278: result: no
configure:17356: checking for aarch64-linux-gnu-strip
configure:17372: found /data/data/com.termux/cgct/aarch64/bin/aarch64-linux-gnu-strip
configure:17383: result: aarch64-linux-gnu-strip
configure:17475: checking for windres
configure:17508: result: no
configure:17586: checking for aarch64-linux-gnu-windres
configure:17616: result: no
configure:17625: checking for windres
configure:17655: result: no
configure:17705: checking for windmc
configure:17738: result: no
configure:17816: checking for aarch64-linux-gnu-windmc
configure:17846: result: no
configure:17855: checking for windmc
configure:17885: result: no
configure:17913: checking where to find the target ar
configure:17946: result: host tool
configure:17955: checking where to find the target as
configure:17988: result: host tool
configure:17997: checking where to find the target cc
configure:18020: result: just compiled
configure:18039: checking where to find the target c++
configure:18065: result: just compiled
configure:18084: checking where to find the target c++ for libstdc++
configure:18110: result: just compiled
configure:18129: checking where to find the target dlltool
configure:18162: result: host tool
configure:18171: checking where to find the target dsymutil
configure:18193: result: host tool
configure:18202: checking where to find the target gcc
configure:18225: result: just compiled
configure:18244: checking where to find the target gfortran
configure:18270: result: just compiled
configure:18289: checking where to find the target gccgo
configure:18325: result: host tool
configure:18334: checking where to find the target gdc
configure:18370: result: host tool
configure:18379: checking where to find the target gm2
configure:18415: result: host tool
configure:18424: checking where to find the target ld
configure:18452: result: pre-installed in /data/data/com.gebox.emu/files/usr/glibc/bin
configure:18466: checking where to find the target lipo
configure:18488: result: host tool
configure:18497: checking where to find the target nm
configure:18530: result: host tool
configure:18539: checking where to find the target objcopy
configure:18572: result: host tool
configure:18581: checking where to find the target objdump
configure:18614: result: host tool
configure:18623: checking where to find the target otool
configure:18645: result: host tool
configure:18654: checking where to find the target ranlib
configure:18687: result: host tool
configure:18696: checking where to find the target readelf
configure:18729: result: host tool
configure:18738: checking where to find the target strip
configure:18771: result: host tool
configure:18780: checking where to find the target windres
configure:18813: result: host tool
configure:18822: checking where to find the target windmc
configure:18855: result: host tool
configure:18892: checking whether to enable maintainer-specific portions of Makefiles
configure:18901: result: no
configure:19138: creating ./config.status

## ---------------------- ##
## Running config.status. ##
## ---------------------- ##

This file was extended by config.status, which was
generated by GNU Autoconf 2.69.  Invocation command line was

  CONFIG_FILES    = 
  CONFIG_HEADERS  = 
  CONFIG_LINKS    = 
  CONFIG_COMMANDS = 
  $ ./config.status 

on 068c70f881d8

config.status:1101: creating Makefile

## ---------------- ##
## Cache variables. ##
## ---------------- ##

ac_cv_build=aarch64-unknown-linux-gnu
ac_cv_c_compiler_gnu=yes
ac_cv_cxx_compiler_gnu=yes
ac_cv_env_AR_FOR_TARGET_set=
ac_cv_env_AR_FOR_TARGET_value=
ac_cv_env_AR_set=set
ac_cv_env_AR_value=aarch64-linux-gnu-gcc-ar
ac_cv_env_AS_FOR_TARGET_set=
ac_cv_env_AS_FOR_TARGET_value=
ac_cv_env_AS_set=set
ac_cv_env_AS_value=as
ac_cv_env_CCC_set=
ac_cv_env_CCC_value=
ac_cv_env_CC_FOR_TARGET_set=
ac_cv_env_CC_FOR_TARGET_value=
ac_cv_env_CC_set=set
ac_cv_env_CC_value=aarch64-linux-gnu-gcc
ac_cv_env_CFLAGS_set=set
ac_cv_env_CFLAGS_value='-O2 -pipe -fno-plt -fexceptions -Wp,-D_FORTIFY_SOURCE=2 -Wformat  -fstack-clash-protection -march=armv8-a -fstack-protector-strong -I/data/data/com.gebox.emu/files/usr/glibc/include -L/data/data/com.gebox.emu/files/usr/glibc/lib'
ac_cv_env_CPPFLAGS_set=set
ac_cv_env_CPPFLAGS_value=
ac_cv_env_CXXFLAGS_set=set
ac_cv_env_CXXFLAGS_value='-O2 -pipe -fno-plt -fexceptions -Wp,-D_FORTIFY_SOURCE=2 -Wformat  -fstack-clash-protection -march=armv8-a -fstack-protector-strong -Wp,-D_GLIBCXX_ASSERTIONS -I/data/data/com.gebox.emu/files/usr/glibc/include -L/data/data/com.gebox.emu/files/usr/glibc/lib'
ac_cv_env_CXX_FOR_TARGET_set=
ac_cv_env_CXX_FOR_TARGET_value=
ac_cv_env_CXX_set=set
ac_cv_env_CXX_value=aarch64-linux-gnu-g++
ac_cv_env_DLLTOOL_FOR_TARGET_set=
ac_cv_env_DLLTOOL_FOR_TARGET_value=
ac_cv_env_DLLTOOL_set=
ac_cv_env_DLLTOOL_value=
ac_cv_env_DSYMUTIL_FOR_TARGET_set=
ac_cv_env_DSYMUTIL_FOR_TARGET_value=
ac_cv_env_DSYMUTIL_set=
ac_cv_env_DSYMUTIL_value=
ac_cv_env_GCC_FOR_TARGET_set=
ac_cv_env_GCC_FOR_TARGET_value=
ac_cv_env_GDC_FOR_TARGET_set=
ac_cv_env_GDC_FOR_TARGET_value=
ac_cv_env_GFORTRAN_FOR_TARGET_set=
ac_cv_env_GFORTRAN_FOR_TARGET_value=
ac_cv_env_GM2_FOR_TARGET_set=
ac_cv_env_GM2_FOR_TARGET_value=
ac_cv_env_GOC_FOR_TARGET_set=
ac_cv_env_GOC_FOR_TARGET_value=
ac_cv_env_LDFLAGS_set=set
ac_cv_env_LDFLAGS_value=
ac_cv_env_LD_FOR_TARGET_set=set
ac_cv_env_LD_FOR_TARGET_value=/data/data/com.gebox.emu/files/usr/glibc/bin/ld
ac_cv_env_LD_set=set
ac_cv_env_LD_value=ld
ac_cv_env_LIBS_set=
ac_cv_env_LIBS_value=
ac_cv_env_LIPO_FOR_TARGET_set=
ac_cv_env_LIPO_FOR_TARGET_value=
ac_cv_env_LIPO_set=
ac_cv_env_LIPO_value=
ac_cv_env_NM_FOR_TARGET_set=
ac_cv_env_NM_FOR_TARGET_value=
ac_cv_env_NM_set=set
ac_cv_env_NM_value=aarch64-linux-gnu-gcc-nm
ac_cv_env_OBJCOPY_FOR_TARGET_set=
ac_cv_env_OBJCOPY_FOR_TARGET_value=
ac_cv_env_OBJCOPY_set=set
ac_cv_env_OBJCOPY_value=objcopy
ac_cv_env_OBJDUMP_FOR_TARGET_set=
ac_cv_env_OBJDUMP_FOR_TARGET_value=
ac_cv_env_OBJDUMP_set=set
ac_cv_env_OBJDUMP_value=objdump
ac_cv_env_OTOOL_FOR_TARGET_set=
ac_cv_env_OTOOL_FOR_TARGET_value=
ac_cv_env_OTOOL_set=
ac_cv_env_OTOOL_value=
ac_cv_env_RANLIB_FOR_TARGET_set=
ac_cv_env_RANLIB_FOR_TARGET_value=
ac_cv_env_RANLIB_set=set
ac_cv_env_RANLIB_value=aarch64-linux-gnu-gcc-ranlib
ac_cv_env_READELF_FOR_TARGET_set=
ac_cv_env_READELF_FOR_TARGET_value=
ac_cv_env_READELF_set=set
ac_cv_env_READELF_value=readelf
ac_cv_env_STRIP_FOR_TARGET_set=
ac_cv_env_STRIP_FOR_TARGET_value=
ac_cv_env_STRIP_set=set
ac_cv_env_STRIP_value=strip
ac_cv_env_WINDMC_FOR_TARGET_set=
ac_cv_env_WINDMC_FOR_TARGET_value=
ac_cv_env_WINDMC_set=
ac_cv_env_WINDMC_value=
ac_cv_env_WINDRES_FOR_TARGET_set=
ac_cv_env_WINDRES_FOR_TARGET_value=
ac_cv_env_WINDRES_set=
ac_cv_env_WINDRES_value=
ac_cv_env_build_alias_set=set
ac_cv_env_build_alias_value=aarch64-linux-gnu
ac_cv_env_build_configargs_set=
ac_cv_env_build_configargs_value=
ac_cv_env_host_alias_set=set
ac_cv_env_host_alias_value=aarch64-linux-gnu
ac_cv_env_host_configargs_set=
ac_cv_env_host_configargs_value=
ac_cv_env_target_alias_set=set
ac_cv_env_target_alias_value=aarch64-linux-gnu
ac_cv_env_target_configargs_set=
ac_cv_env_target_configargs_value=
ac_cv_host=aarch64-unknown-linux-gnu
ac_cv_objext=o
ac_cv_path_LD_FOR_TARGET=/data/data/com.gebox.emu/files/usr/glibc/bin/ld
ac_cv_path_SED=/usr/bin/sed
ac_cv_path_install='/usr/bin/install -c'
ac_cv_prog_AR=aarch64-linux-gnu-gcc-ar
ac_cv_prog_AR_FOR_TARGET=aarch64-linux-gnu-ar
ac_cv_prog_AS=as
ac_cv_prog_AS_FOR_TARGET=aarch64-linux-gnu-as
ac_cv_prog_AWK=gawk
ac_cv_prog_BISON=bison
ac_cv_prog_CC=aarch64-linux-gnu-gcc
ac_cv_prog_CC_FOR_TARGET=cc
ac_cv_prog_CXX_FOR_TARGET=aarch64-linux-gnu-c++
ac_cv_prog_FLEX=flex
ac_cv_prog_GCC_FOR_TARGET=aarch64-linux-gnu-gcc
ac_cv_prog_LD=ld
ac_cv_prog_LEX=flex
ac_cv_prog_M4=m4
ac_cv_prog_MAKEINFO=makeinfo
ac_cv_prog_NM=aarch64-linux-gnu-gcc-nm
ac_cv_prog_NM_FOR_TARGET=aarch64-linux-gnu-nm
ac_cv_prog_OBJCOPY=objcopy
ac_cv_prog_OBJCOPY_FOR_TARGET=aarch64-linux-gnu-objcopy
ac_cv_prog_OBJDUMP=objdump
ac_cv_prog_OBJDUMP_FOR_TARGET=aarch64-linux-gnu-objdump
ac_cv_prog_RANLIB=aarch64-linux-gnu-gcc-ranlib
ac_cv_prog_RANLIB_FOR_TARGET=aarch64-linux-gnu-ranlib
ac_cv_prog_READELF=readelf
ac_cv_prog_READELF_FOR_TARGET=aarch64-linux-gnu-readelf
ac_cv_prog_STRIP=strip
ac_cv_prog_STRIP_FOR_TARGET=aarch64-linux-gnu-strip
ac_cv_prog_YACC='bison -y'
ac_cv_prog_cc_c89=
ac_cv_prog_cc_c99=
ac_cv_prog_cc_g=yes
ac_cv_prog_cxx_g=yes
ac_cv_target=aarch64-unknown-linux-gnu
acx_cv_cc_gcc_supports_ada=no
acx_cv_d_compiler_works=no
acx_cv_prog_LN=ln
ax_cv_cxx_compile_cxx11=yes
gcc_cv_isl=yes
gcc_cv_prog_cmp_skip='cmp --ignore-initial=16 $$f1 $$f2'
gcc_cv_tool_dirs=/data/data/com.gebox.emu/files/usr/glibc/libexec/gcc/aarch64-linux-gnu/14.1.0:/data/data/com.gebox.emu/files/usr/glibc/libexec/gcc/aarch64-linux-gnu:/usr/lib/gcc/aarch64-linux-gnu/14.1.0:/usr/lib/gcc/aarch64-linux-gnu:/data/data/com.gebox.emu/files/usr/glibc/aarch64-linux-gnu/bin/aarch64-linux-gnu/14.1.0:/data/data/com.gebox.emu/files/usr/glibc/aarch64-linux-gnu/bin:
gcc_cv_tool_prefix=/data/data/com.gebox.emu/files/usr/glibc
lt_cv_objdir=.libs

## ----------------- ##
## Output variables. ##
## ----------------- ##

AR='aarch64-linux-gnu-gcc-ar'
AR_FOR_BUILD='$(AR)'
AR_FOR_TARGET='$(AR)'
AR_PLUGIN_OPTION='--plugin /data/data/com.termux/cgct/aarch64/lib/gcc/aarch64-linux-gnu/14.1.0/liblto_plugin.so'
AS='as'
AS_FOR_BUILD='$(AS)'
AS_FOR_TARGET='$(AS)'
AWK='gawk'
BISON='bison'
BUILD_CONFIG=''
CARGO='no'
CC='aarch64-linux-gnu-gcc'
CC_FOR_BUILD='$(CC)'
CC_FOR_TARGET='$$r/$(HOST_SUBDIR)/gcc/xgcc -B$$r/$(HOST_SUBDIR)/gcc/'
CFLAGS='-O2 -pipe -fno-plt -fexceptions -Wp,-D_FORTIFY_SOURCE=2 -Wformat  -fstack-clash-protection -march=armv8-a -fstack-protector-strong -I/data/data/com.gebox.emu/files/usr/glibc/include -L/data/data/com.gebox.emu/files/usr/glibc/lib'
CFLAGS_FOR_BUILD='-O2 -pipe -fno-plt -fexceptions -Wp,-D_FORTIFY_SOURCE=2 -Wformat  -fstack-clash-protection -march=armv8-a -fstack-protector-strong -I/data/data/com.gebox.emu/files/usr/glibc/include -L/data/data/com.gebox.emu/files/usr/glibc/lib'
CFLAGS_FOR_TARGET='-g -O2 -pipe -fno-plt -fexceptions -Wp,-D_FORTIFY_SOURCE=2 -Wformat  -fstack-clash-protection -march=armv8-a -fstack-protector-strong -I/data/data/com.gebox.emu/files/usr/glibc/include -L/data/data/com.gebox.emu/files/usr/glibc/lib'
COMPILER_AS_FOR_TARGET='$$r/$(HOST_SUBDIR)/gcc/as'
COMPILER_LD_FOR_TARGET='$$r/$(HOST_SUBDIR)/gcc/collect-ld'
COMPILER_NM_FOR_TARGET='$$r/$(HOST_SUBDIR)/gcc/nm'
CONFIGURE_GDB_TK=''
CPPFLAGS=''
CPPFLAGS_FOR_BUILD=''
CPP_FOR_BUILD=''
CXX='aarch64-linux-gnu-g++'
CXXFLAGS='-O2 -pipe -fno-plt -fexceptions -Wp,-D_FORTIFY_SOURCE=2 -Wformat  -fstack-clash-protection -march=armv8-a -fstack-protector-strong -Wp,-D_GLIBCXX_ASSERTIONS -I/data/data/com.gebox.emu/files/usr/glibc/include -L/data/data/com.gebox.emu/files/usr/glibc/lib'
CXXFLAGS_FOR_BUILD='-O2 -pipe -fno-plt -fexceptions -Wp,-D_FORTIFY_SOURCE=2 -Wformat  -fstack-clash-protection -march=armv8-a -fstack-protector-strong -Wp,-D_GLIBCXX_ASSERTIONS -I/data/data/com.gebox.emu/files/usr/glibc/include -L/data/data/com.gebox.emu/files/usr/glibc/lib'
CXXFLAGS_FOR_TARGET='-g -O2 -pipe -fno-plt -fexceptions -Wp,-D_FORTIFY_SOURCE=2 -Wformat  -fstack-clash-protection -march=armv8-a -fstack-protector-strong -Wp,-D_GLIBCXX_ASSERTIONS -I/data/data/com.gebox.emu/files/usr/glibc/include -L/data/data/com.gebox.emu/files/usr/glibc/lib'
CXX_FOR_BUILD='$(CXX)'
CXX_FOR_TARGET='$$r/$(HOST_SUBDIR)/gcc/xg++ -B$$r/$(HOST_SUBDIR)/gcc/ -nostdinc++ `if test -f $$r/$(TARGET_SUBDIR)/libstdc++-v3/scripts/testsuite_flags; then $(SHELL) $$r/$(TARGET_SUBDIR)/libstdc++-v3/scripts/testsuite_flags --build-includes; else echo -funconfigured-libstdc++-v3 ; fi` -L$$r/$(TARGET_SUBDIR)/libstdc++-v3/src -L$$r/$(TARGET_SUBDIR)/libstdc++-v3/src/.libs -L$$r/$(TARGET_SUBDIR)/libstdc++-v3/libsupc++/.libs'
DEBUG_PREFIX_CFLAGS_FOR_TARGET=''
DEFS='-DPACKAGE_NAME=\"\" -DPACKAGE_TARNAME=\"\" -DPACKAGE_VERSION=\"\" -DPACKAGE_STRING=\"\" -DPACKAGE_BUGREPORT=\"\" -DPACKAGE_URL=\"\" -DHAVE_CXX11=1 -DLT_OBJDIR=\".libs/\"'
DLLTOOL='dlltool'
DLLTOOL_FOR_BUILD='$(DLLTOOL)'
DLLTOOL_FOR_TARGET='$(DLLTOOL)'
DSYMUTIL='dsymutil'
DSYMUTIL_FOR_BUILD='$(DSYMUTIL)'
DSYMUTIL_FOR_TARGET='$(DSYMUTIL)'
ECHO_C=''
ECHO_N='-n'
ECHO_T=''
EXEEXT=''
EXPECT='expect'
FLAGS_FOR_TARGET=' -B$(build_tooldir)/bin/ -B$(build_tooldir)/lib/ -isystem $(build_tooldir)/include -isystem $(build_tooldir)/sys-include'
FLEX='flex'
GCC_FOR_TARGET='$$r/$(HOST_SUBDIR)/gcc/xgcc -B$$r/$(HOST_SUBDIR)/gcc/'
GCC_SHLIB_SUBDIR=''
GDB_TK=''
GDC='no'
GDCFLAGS='-O2 -pipe -fno-plt -fexceptions -Wp,-D_FORTIFY_SOURCE=2 -Wformat  -fstack-clash-protection -march=armv8-a -fstack-protector-strong -I/data/data/com.gebox.emu/files/usr/glibc/include -L/data/data/com.gebox.emu/files/usr/glibc/lib'
GDC_FOR_BUILD='$(GDC)'
GDC_FOR_TARGET='$(GDC)'
GFORTRAN_FOR_BUILD='$(GFORTRAN)'
GFORTRAN_FOR_TARGET='$$r/$(HOST_SUBDIR)/gcc/gfortran -B$$r/$(HOST_SUBDIR)/gcc/'
GM2_FOR_TARGET='$(GM2)'
GNATBIND='no'
GNATMAKE='no'
GOC_FOR_BUILD='$(GOC)'
GOC_FOR_TARGET='$(GOC)'
HAVE_CXX11='1'
HAVE_CXX11_FOR_BUILD=''
INSTALL_DATA='${INSTALL} -m 644'
INSTALL_GDB_TK=''
INSTALL_PROGRAM='${INSTALL}'
INSTALL_SCRIPT='${INSTALL}'
LD='ld'
LDFLAGS=''
LDFLAGS_FOR_BUILD=''
LDFLAGS_FOR_TARGET=''
LD_FOR_BUILD='$(LD)'
LD_FOR_TARGET='/data/data/com.gebox.emu/files/usr/glibc/bin/ld'
LEX='flex'
LIBOBJS=''
LIBS=''
LIPO='lipo'
LIPO_FOR_TARGET='$(LIPO)'
LN='ln'
LN_S='ln -s'
LTLIBOBJS=''
M4='m4'
MAINT='#'
MAINTAINER_MODE_FALSE=''
MAINTAINER_MODE_TRUE='#'
MAKEINFO='makeinfo'
NM='aarch64-linux-gnu-gcc-nm'
NM_FOR_BUILD='$(NM)'
NM_FOR_TARGET='$(NM)'
OBJCOPY='objcopy'
OBJCOPY_FOR_TARGET='$(OBJCOPY)'
OBJDUMP='objdump'
OBJDUMP_FOR_TARGET='$(OBJDUMP)'
OBJEXT='o'
OTOOL='otool'
OTOOL_FOR_TARGET='$(OTOOL)'
PACKAGE_BUGREPORT=''
PACKAGE_NAME=''
PACKAGE_STRING=''
PACKAGE_TARNAME=''
PACKAGE_URL=''
PACKAGE_VERSION=''
PATH_SEPARATOR=':'
PGO_BUILD_GEN_CFLAGS=''
PGO_BUILD_LTO_CFLAGS=''
PGO_BUILD_USE_CFLAGS=''
PICFLAG='-fPIC'
PKG_CONFIG_PATH=''
RANLIB='aarch64-linux-gnu-gcc-ranlib'
RANLIB_FOR_BUILD='$(RANLIB)'
RANLIB_FOR_TARGET='$(RANLIB)'
RANLIB_PLUGIN_OPTION='--plugin /data/data/com.termux/cgct/aarch64/lib/gcc/aarch64-linux-gnu/14.1.0/liblto_plugin.so'
RAW_CXX_FOR_TARGET='$$r/$(HOST_SUBDIR)/gcc/xgcc -shared-libgcc -B$$r/$(HOST_SUBDIR)/gcc -nostdinc++ -L$$r/$(TARGET_SUBDIR)/libstdc++-v3/src -L$$r/$(TARGET_SUBDIR)/libstdc++-v3/src/.libs -L$$r/$(TARGET_SUBDIR)/libstdc++-v3/libsupc++/.libs'
READELF='readelf'
READELF_FOR_TARGET='$(READELF)'
RPATH_ENVVAR='LD_LIBRARY_PATH'
RUNTEST='runtest'
SED='/usr/bin/sed'
SHELL='/bin/bash'
STRIP='strip'
STRIP_FOR_TARGET='$(STRIP)'
SYSROOT_CFLAGS_FOR_TARGET=''
TOPLEVEL_CONFIGURE_ARGUMENTS='/home/builder/.termux-build/gcc-libs-glibc/src/configure --host=aarch64-linux-gnu --build=aarch64-linux-gnu --target=aarch64-linux-gnu --prefix=/data/data/com.gebox.emu/files/usr/glibc --libdir=/data/data/com.gebox.emu/files/usr/glibc/lib --libexecdir=/data/data/com.gebox.emu/files/usr/glibc/lib --mandir=/data/data/com.gebox.emu/files/usr/glibc/share/man --infodir=/data/data/com.gebox.emu/files/usr/glibc/share/info --with-bugurl=https://github.com/termux-pacman/glibc-packages/issues --with-gmp=/data/data/com.gebox.emu/files/usr/glibc --with-mpfr=/data/data/com.gebox.emu/files/usr/glibc --with-mpc=/data/data/com.gebox.emu/files/usr/glibc --with-arch=armv8-a --enable-fix-cortex-a53-835769 --enable-fix-cortex-a53-843419 --disable-multilib --disable-bootstrap --disable-nls --enable-default-pie --enable-languages=c,c++,fortran --with-system-zlib --enable-__cxa_atexit --enable-linker-build-id --enable-plugin --with-linker-hash-style=gnu --enable-gnu-indirect-function --disable-werror --disable-checking --disable-static --enable-host-shared --disable-libssp --disable-libstdcxx-pch LD_FOR_TARGET=/data/data/com.gebox.emu/files/usr/glibc/bin/ld'
WINDMC='windmc'
WINDMC_FOR_BUILD='$(WINDMC)'
WINDMC_FOR_TARGET='$(WINDMC)'
WINDRES='windres'
WINDRES_FOR_BUILD='$(WINDRES)'
WINDRES_FOR_TARGET='$(WINDRES)'
YACC='bison -y'
ac_ct_CC=''
ac_ct_CXX=''
bindir='${exec_prefix}/bin'
build='aarch64-unknown-linux-gnu'
build_alias='aarch64-linux-gnu'
build_configargs=' --cache-file=./config.cache '\''--prefix=/data/data/com.gebox.emu/files/usr/glibc'\'' '\''--libdir=/data/data/com.gebox.emu/files/usr/glibc/lib'\'' '\''--libexecdir=/data/data/com.gebox.emu/files/usr/glibc/lib'\'' '\''--mandir=/data/data/com.gebox.emu/files/usr/glibc/share/man'\'' '\''--infodir=/data/data/com.gebox.emu/files/usr/glibc/share/info'\'' '\''--with-bugurl=https://github.com/termux-pacman/glibc-packages/issues'\'' '\''--with-gmp=/data/data/com.gebox.emu/files/usr/glibc'\'' '\''--with-mpfr=/data/data/com.gebox.emu/files/usr/glibc'\'' '\''--with-mpc=/data/data/com.gebox.emu/files/usr/glibc'\'' '\''--with-arch=armv8-a'\'' '\''--enable-fix-cortex-a53-835769'\'' '\''--enable-fix-cortex-a53-843419'\'' '\''--disable-multilib'\'' '\''--disable-bootstrap'\'' '\''--disable-nls'\'' '\''--enable-default-pie'\'' '\''--with-system-zlib'\'' '\''--enable-__cxa_atexit'\'' '\''--enable-linker-build-id'\'' '\''--enable-plugin'\'' '\''--with-linker-hash-style=gnu'\'' '\''--enable-gnu-indirect-function'\'' '\''--disable-werror'\'' '\''--disable-checking'\'' '\''--disable-static'\'' '\''--enable-host-shared'\'' '\''--disable-libssp'\'' '\''--disable-libstdcxx-pch'\'' '\''--enable-languages=c,c++,fortran,lto'\'' --program-transform-name='\''s,y,y,'\'' --disable-option-checking'
build_configdirs=' libiberty libcpp fixincludes'
build_cpu='aarch64'
build_libsubdir='build-aarch64-linux-gnu'
build_noncanonical='aarch64-linux-gnu'
build_os='linux-gnu'
build_subdir='build-aarch64-linux-gnu'
build_tooldir='${exec_prefix}/aarch64-linux-gnu'
build_vendor='unknown'
compare_exclusions='gcc/cc*-checksum$(objext) | gcc/ada/*tools/* | gcc/m2/gm2-compiler-boot/M2Version* | gcc/m2/gm2-compiler-boot/SYSTEM* | gcc/m2/gm2version*'
configdirs=' libiberty libbacktrace libcpp libcody libdecnumber fixincludes gcc libcc1 c++tools lto-plugin'
datadir='${datarootdir}'
datarootdir='${prefix}/share'
do_compare='cmp --ignore-initial=16 $$f1 $$f2'
docdir='${datarootdir}/doc/${PACKAGE}'
dvidir='${docdir}'
exec_prefix='${prefix}'
extra_host_libiberty_configure_flags='--enable-shared'
extra_host_zlib_configure_flags=''
extra_isl_gmp_configure_flags=''
extra_linker_plugin_configure_flags=''
extra_linker_plugin_flags=''
extra_mpc_gmp_configure_flags=''
extra_mpc_mpfr_configure_flags=''
extra_mpfr_configure_flags=''
gcc_host_pie=''
get_gcc_base_ver='cat'
gmpinc='-I/data/data/com.gebox.emu/files/usr/glibc/include -I/data/data/com.gebox.emu/files/usr/glibc/include -I/data/data/com.gebox.emu/files/usr/glibc/include '
gmplibs='-L/data/data/com.gebox.emu/files/usr/glibc/lib -L/data/data/com.gebox.emu/files/usr/glibc/lib -L/data/data/com.gebox.emu/files/usr/glibc/lib -lmpc -lmpfr -lgmp'
host='aarch64-unknown-linux-gnu'
host_alias='aarch64-linux-gnu'
host_configargs=' --cache-file=./config.cache  --with-system-zlib '\''--prefix=/data/data/com.gebox.emu/files/usr/glibc'\'' '\''--libdir=/data/data/com.gebox.emu/files/usr/glibc/lib'\'' '\''--libexecdir=/data/data/com.gebox.emu/files/usr/glibc/lib'\'' '\''--mandir=/data/data/com.gebox.emu/files/usr/glibc/share/man'\'' '\''--infodir=/data/data/com.gebox.emu/files/usr/glibc/share/info'\'' '\''--with-bugurl=https://github.com/termux-pacman/glibc-packages/issues'\'' '\''--with-gmp=/data/data/com.gebox.emu/files/usr/glibc'\'' '\''--with-mpfr=/data/data/com.gebox.emu/files/usr/glibc'\'' '\''--with-mpc=/data/data/com.gebox.emu/files/usr/glibc'\'' '\''--with-arch=armv8-a'\'' '\''--enable-fix-cortex-a53-835769'\'' '\''--enable-fix-cortex-a53-843419'\'' '\''--disable-multilib'\'' '\''--disable-bootstrap'\'' '\''--disable-nls'\'' '\''--enable-default-pie'\'' '\''--with-system-zlib'\'' '\''--enable-__cxa_atexit'\'' '\''--enable-linker-build-id'\'' '\''--enable-plugin'\'' '\''--with-linker-hash-style=gnu'\'' '\''--enable-gnu-indirect-function'\'' '\''--disable-werror'\'' '\''--disable-checking'\'' '\''--disable-static'\'' '\''--enable-host-shared'\'' '\''--disable-libssp'\'' '\''--disable-libstdcxx-pch'\'' '\''--enable-languages=c,c++,fortran,lto'\'' --program-transform-name='\''s,y,y,'\'' --disable-option-checking'
host_cpu='aarch64'
host_libs_picflag='--with-pic'
host_noncanonical='aarch64-linux-gnu'
host_os='linux-gnu'
host_pie='no'
host_shared='yes'
host_subdir='.'
host_vendor='unknown'
htmldir='${docdir}'
includedir='${prefix}/include'
infodir='/data/data/com.gebox.emu/files/usr/glibc/share/info'
islinc=''
isllibs=' -lisl'
libdir='/data/data/com.gebox.emu/files/usr/glibc/lib'
libexecdir='/data/data/com.gebox.emu/files/usr/glibc/lib'
localedir='${datarootdir}/locale'
localstatedir='${prefix}/var'
mandir='/data/data/com.gebox.emu/files/usr/glibc/share/man'
oldincludedir='/usr/include'
pdfdir='${docdir}'
poststage1_ldflags='-static-libstdc++ -static-libgcc'
poststage1_libs=''
prefix='/data/data/com.gebox.emu/files/usr/glibc'
program_transform_name='s,y,y,'
psdir='${docdir}'
sbindir='${exec_prefix}/sbin'
sharedstatedir='${prefix}/com'
stage1_cflags='-g'
stage1_checking='--enable-checking=yes,types'
stage1_languages='c,c++,lto'
stage1_ldflags=''
stage1_libs=''
stage2_werror_flag=''
sysconfdir='${prefix}/etc'
target='aarch64-unknown-linux-gnu'
target_alias='aarch64-linux-gnu'
target_configargs='--cache-file=./config.cache   '\''--prefix=/data/data/com.gebox.emu/files/usr/glibc'\'' '\''--libdir=/data/data/com.gebox.emu/files/usr/glibc/lib'\'' '\''--libexecdir=/data/data/com.gebox.emu/files/usr/glibc/lib'\'' '\''--mandir=/data/data/com.gebox.emu/files/usr/glibc/share/man'\'' '\''--infodir=/data/data/com.gebox.emu/files/usr/glibc/share/info'\'' '\''--with-bugurl=https://github.com/termux-pacman/glibc-packages/issues'\'' '\''--with-gmp=/data/data/com.gebox.emu/files/usr/glibc'\'' '\''--with-mpfr=/data/data/com.gebox.emu/files/usr/glibc'\'' '\''--with-mpc=/data/data/com.gebox.emu/files/usr/glibc'\'' '\''--with-arch=armv8-a'\'' '\''--enable-fix-cortex-a53-835769'\'' '\''--enable-fix-cortex-a53-843419'\'' '\''--disable-multilib'\'' '\''--disable-bootstrap'\'' '\''--disable-nls'\'' '\''--enable-default-pie'\'' '\''--with-system-zlib'\'' '\''--enable-__cxa_atexit'\'' '\''--enable-linker-build-id'\'' '\''--enable-plugin'\'' '\''--with-linker-hash-style=gnu'\'' '\''--enable-gnu-indirect-function'\'' '\''--disable-werror'\'' '\''--disable-checking'\'' '\''--disable-static'\'' '\''--enable-host-shared'\'' '\''--disable-libssp'\'' '\''--disable-libstdcxx-pch'\'' '\''--enable-languages=c,c++,fortran,lto'\'' --program-transform-name='\''s,y,y,'\'' --disable-option-checking --disable-year2038'
target_configdirs=' libgcc libbacktrace libgomp libatomic libitm libstdc++-v3 libsanitizer libvtv libquadmath libgfortran'
target_cpu='aarch64'
target_noncanonical='aarch64-linux-gnu'
target_os='linux-gnu'
target_subdir='aarch64-linux-gnu'
target_vendor='unknown'
tooldir='${exec_prefix}/aarch64-linux-gnu'

## ------------------- ##
## File substitutions. ##
## ------------------- ##

alphaieee_frag='/dev/null'
host_makefile_frag='/dev/null'
ospace_frag='/dev/null'
serialization_dependencies='serdep.tmp'
target_makefile_frag='/home/builder/.termux-build/gcc-libs-glibc/src/config/mt-gnu'

## ----------- ##
## confdefs.h. ##
## ----------- ##

/* confdefs.h */
#define PACKAGE_NAME ""
#define PACKAGE_TARNAME ""
#define PACKAGE_VERSION ""
#define PACKAGE_STRING ""
#define PACKAGE_BUGREPORT ""
#define PACKAGE_URL ""
#define HAVE_CXX11 1
#define LT_OBJDIR ".libs/"

configure: exit 0
